<?xml version="1.0" encoding="UTF-8"?>
<testsuite xmlns:xsi="http://www.w3.org/2001/XMLSchema-instance" xsi:noNamespaceSchemaLocation="https://maven.apache.org/surefire/maven-surefire-plugin/xsd/surefire-test-report-3.0.xsd" version="3.0" name="com.example.authenticatingldap.AuthenticatingLdapApplicationTests" time="2.611" tests="2" errors="0" skipped="0" failures="0">
  <properties>
[...]
</properties>
  <testcase name="loginWithInvalidUserThenUnauthenticated" classname="com.example.authenticatingldap.AuthenticatingLdapApplicationTests" time="0.648">
    <system-out><![CDATA[09:50:34.759 [main] INFO org.springframework.test.context.support.AnnotationConfigContextLoaderUtils -- Could not detect default configuration classes for test class [com.example.authenticatingldap.AuthenticatingLdapApplicationTests]: AuthenticatingLdapApplicationTests does not declare any static, non-private, non-final, nested classes annotated with @Configuration.
09:50:34.822 [main] INFO org.springframework.boot.test.context.SpringBootTestContextBootstrapper -- Found @SpringBootConfiguration com.example.authenticatingldap.AuthenticatingLdapApplication for test class com.example.authenticatingldap.AuthenticatingLdapApplicationTests
  .   ____          _            __ _ _
 /\\ / ___'_ __ _ _(_)_ __  __ _ \ \ \ \
( ( )\___ | '_ | '_| | '_ \/ _` | \ \ \ \
 \\/  ___)| |_)| | | | | || (_| |  ) ) ) )
  '  |____| .__|_| |_|_| |_\__, | / / / /
 =========|_|==============|___/=/_/_/_/

 :: Spring Boot ::                (v3.3.0)

2024-11-04T09:50:35.103Z  INFO 23235 --- [           main] c.e.a.AuthenticatingLdapApplicationTests : Starting AuthenticatingLdapApplicationTests using Java 21.0.4 with PID 23235 (started by aperry in /home/aperry/projects/interview/spring/server-test)
2024-11-04T09:50:35.104Z  INFO 23235 --- [           main] c.e.a.AuthenticatingLdapApplicationTests : No active profile set, falling back to 1 default profile: "default"
2024-11-04T09:50:35.849Z  INFO 23235 --- [           main] s.s.l.DefaultSpringSecurityContextSource : Configure with URL ldap://localhost:8389/dc=springframework,dc=org and root DN dc=springframework,dc=org
2024-11-04T09:50:35.851Z  INFO 23235 --- [           main] o.s.l.c.support.AbstractContextSource    : Property 'userDn' not set - anonymous context will be used for read-only operations
2024-11-04T09:50:35.874Z  WARN 23235 --- [           main] .s.s.UserDetailsServiceAutoConfiguration : 

Using generated security password: d87f3478-fb48-4162-871a-f1f336366a39

This generated password is for development use only. Your security configuration must be updated before running your application in production.

2024-11-04T09:50:35.876Z  WARN 23235 --- [           main] r$InitializeUserDetailsManagerConfigurer : Global AuthenticationManager configured with an AuthenticationProvider bean. UserDetailsService beans will not be used for username/password login. Consider removing the AuthenticationProvider bean. Alternatively, consider using the UserDetailsService in a manually instantiated DaoAuthenticationProvider.
2024-11-04T09:50:36.069Z  INFO 23235 --- [           main] o.s.s.web.DefaultSecurityFilterChain     : Will secure any request with [org.springframework.security.web.session.DisableEncodeUrlFilter@5a917723, org.springframework.security.web.context.request.async.WebAsyncManagerIntegrationFilter@7e4579c7, org.springframework.security.web.context.SecurityContextHolderFilter@b0a1231, org.springframework.security.web.header.HeaderWriterFilter@3e0fbeb5, org.springframework.web.filter.CorsFilter@796f632b, org.springframework.security.web.csrf.CsrfFilter@53a84ff4, org.springframework.security.web.authentication.logout.LogoutFilter@5f5effb0, org.springframework.security.web.authentication.UsernamePasswordAuthenticationFilter@771a7d53, org.springframework.security.web.authentication.ui.DefaultLoginPageGeneratingFilter@77f905e3, org.springframework.security.web.authentication.ui.DefaultLogoutPageGeneratingFilter@5d94a2dc, org.springframework.security.web.savedrequest.RequestCacheAwareFilter@4694f434, org.springframework.security.web.servletapi.SecurityContextHolderAwareRequestFilter@dd2856e, org.springframework.security.web.authentication.AnonymousAuthenticationFilter@cedee22, org.springframework.security.web.access.ExceptionTranslationFilter@19e0dffe, org.springframework.security.web.access.intercept.AuthorizationFilter@66a5755]
2024-11-04T09:50:36.392Z  INFO 23235 --- [           main] o.s.l.c.support.AbstractContextSource    : Property 'userDn' not set - anonymous context will be used for read-only operations
2024-11-04T09:50:36.490Z  INFO 23235 --- [           main] o.s.b.t.m.w.SpringBootMockServletContext : Initializing Spring TestDispatcherServlet ''
2024-11-04T09:50:36.490Z  INFO 23235 --- [           main] o.s.t.web.servlet.TestDispatcherServlet  : Initializing Servlet ''
2024-11-04T09:50:36.491Z  INFO 23235 --- [           main] o.s.t.web.servlet.TestDispatcherServlet  : Completed initialization in 1 ms
2024-11-04T09:50:36.519Z  INFO 23235 --- [           main] c.e.a.AuthenticatingLdapApplicationTests : Started AuthenticatingLdapApplicationTests in 1.612 seconds (process running for 2.187)
]]></system-out>
    <system-err><![CDATA[WARNING: A Java agent has been loaded dynamically (/home/aperry/.m2/repository/net/bytebuddy/byte-buddy-agent/1.14.16/byte-buddy-agent-1.14.16.jar)
WARNING: If a serviceability tool is in use, please run with -XX:+EnableDynamicAgentLoading to hide this warning
WARNING: If a serviceability tool is not in use, please run with -Djdk.instrument.traceUsage for more information
WARNING: Dynamic loading of agents will be disallowed by default in a future release
]]></system-err>
  </testcase>
  <testcase name="loginWithValidUserThenAuthenticated" classname="com.example.authenticatingldap.AuthenticatingLdapApplicationTests" time="0.08"/>
</testsuite>